info it worked if it ends with ok
verbose cli [ 'node',
verbose cli   '/usr/bin/npm',
verbose cli   'install',
verbose cli   'recess',
verbose cli   'uglify-js',
verbose cli   'jshint',
verbose cli   '-g' ]
info using npm@1.1.4
info using node@v0.6.12
verbose config file /home/leandro/.npmrc
verbose config file /usr/etc/npmrc
verbose config file /usr/share/npm/npmrc
verbose cache add [ 'recess', null ]
silly cache add: name, spec, args [ undefined, 'recess', [ 'recess', null ] ]
verbose parsed url { pathname: 'recess', path: 'recess', href: 'recess' }
verbose cache add [ 'uglify-js', null ]
silly cache add: name, spec, args [ undefined, 'uglify-js', [ 'uglify-js', null ] ]
verbose parsed url { pathname: 'uglify-js', path: 'uglify-js', href: 'uglify-js' }
verbose cache add [ 'jshint', null ]
silly cache add: name, spec, args [ undefined, 'jshint', [ 'jshint', null ] ]
verbose parsed url { pathname: 'jshint', path: 'jshint', href: 'jshint' }
verbose addNamed [ 'recess', '' ]
verbose addNamed [ null, '' ]
silly name, range, hasData [ 'recess', '', false ]
verbose addNamed [ 'uglify-js', '' ]
verbose addNamed [ null, '' ]
silly name, range, hasData [ 'uglify-js', '', false ]
verbose addNamed [ 'jshint', '' ]
verbose addNamed [ null, '' ]
silly name, range, hasData [ 'jshint', '', false ]
verbose raw, before any munging recess
verbose url resolving [ 'https://registry.npmjs.org/', './recess' ]
verbose url resolved https://registry.npmjs.org/recess
http GET https://registry.npmjs.org/recess
verbose raw, before any munging uglify-js
verbose url resolving [ 'https://registry.npmjs.org/', './uglify-js' ]
verbose url resolved https://registry.npmjs.org/uglify-js
http GET https://registry.npmjs.org/uglify-js
verbose raw, before any munging jshint
verbose url resolving [ 'https://registry.npmjs.org/', './jshint' ]
verbose url resolved https://registry.npmjs.org/jshint
http GET https://registry.npmjs.org/jshint
http 200 https://registry.npmjs.org/recess
silly get cb [ 200,
silly get cb   { vary: 'Accept',
silly get cb     server: 'CouchDB/1.2.0 (Erlang OTP/R15B)',
silly get cb     etag: '"6OS5RXZW6M4IPIVV7BOLBBONS"',
silly get cb     date: 'Wed, 04 Jul 2012 16:46:25 GMT',
silly get cb     'content-type': 'application/json',
silly get cb     'content-length': '9995' } ]
verbose mkdir (expected) error ENOENT, no such file or directory '/home/leandro/.npm'
verbose mkdir (expected) error ENOENT, no such file or directory '/home/leandro/.npm/recess'
verbose mkdir done: /home/leandro/.npm/recess 755
silly name, range, hasData 2 [ 'recess', '', true ]
silly versions [ 'recess',
silly versions   [ '0.1.0', '1.0.0', '1.0.1', '1.0.2', '1.0.3', '1.0.4' ] ]
verbose bin dist [ '0.6-ares1.7.5-evundefined-openssl1.0.1-v83.7.12.22-linux-x64-3.2.0-23-generic',
verbose bin dist   { shasum: 'bb16f4b8e42bb7d4be777e8e98e4902ec873285e',
verbose bin dist     tarball: 'http://registry.npmjs.org/recess/-/recess-1.0.4.tgz' } ]
verbose addRemoteTarball [ 'https://registry.npmjs.org/recess/-/recess-1.0.4.tgz',
verbose addRemoteTarball   'bb16f4b8e42bb7d4be777e8e98e4902ec873285e' ]
verbose mkdir (expected) error ENOENT, no such file or directory '/tmp/npm-1341409588340'
verbose mkdir (expected) error ENOENT, no such file or directory '/tmp/npm-1341409588340/1341409588340-0.2236644090153277'
verbose mkdir done: /tmp/npm-1341409588340/1341409588340-0.2236644090153277 755
verbose fetch to /tmp/npm-1341409588340/1341409588340-0.2236644090153277/tmp.tgz
http GET https://registry.npmjs.org/recess/-/recess-1.0.4.tgz
http 200 https://registry.npmjs.org/uglify-js
silly get cb [ 200,
silly get cb   { vary: 'Accept',
silly get cb     server: 'CouchDB/1.2.0 (Erlang OTP/R15B)',
silly get cb     etag: '"EMYPMKC1JAZ5J7F3INLCWMOM9"',
silly get cb     date: 'Wed, 04 Jul 2012 16:46:26 GMT',
silly get cb     'content-type': 'application/json',
silly get cb     'content-length': '19371' } ]
verbose mkdir (expected) error ENOENT, no such file or directory '/home/leandro/.npm/uglify-js'
verbose mkdir done: /home/leandro/.npm/uglify-js 755
silly name, range, hasData 2 [ 'uglify-js', '', true ]
silly versions [ 'uglify-js',
silly versions   [ '0.0.1',
silly versions     '0.0.2',
silly versions     '0.0.3',
silly versions     '0.0.4',
silly versions     '0.0.5',
silly versions     '1.0.1',
silly versions     '1.0.2',
silly versions     '1.0.3',
silly versions     '1.0.4',
silly versions     '1.0.5',
silly versions     '1.0.6',
silly versions     '1.0.7',
silly versions     '1.1.0',
silly versions     '1.1.1',
silly versions     '1.2.0',
silly versions     '1.2.1',
silly versions     '1.2.2',
silly versions     '1.2.3',
silly versions     '1.2.4',
silly versions     '1.2.5',
silly versions     '1.2.6',
silly versions     '1.3.0',
silly versions     '1.3.1',
silly versions     '1.3.2' ] ]
verbose bin dist [ '0.6-ares1.7.5-evundefined-openssl1.0.1-v83.7.12.22-linux-x64-3.2.0-23-generic',
verbose bin dist   { shasum: '7ed11c9dedf77f29632286ea4dc96a2229aef98e',
verbose bin dist     tarball: 'http://registry.npmjs.org/uglify-js/-/uglify-js-1.3.2.tgz' } ]
verbose addRemoteTarball [ 'https://registry.npmjs.org/uglify-js/-/uglify-js-1.3.2.tgz',
verbose addRemoteTarball   '7ed11c9dedf77f29632286ea4dc96a2229aef98e' ]
verbose mkdir (expected) error ENOENT, no such file or directory '/tmp/npm-1341409588340/1341409589265-0.1812448187265545'
verbose mkdir done: /tmp/npm-1341409588340/1341409589265-0.1812448187265545 755
verbose fetch to /tmp/npm-1341409588340/1341409589265-0.1812448187265545/tmp.tgz
http GET https://registry.npmjs.org/uglify-js/-/uglify-js-1.3.2.tgz
http 200 https://registry.npmjs.org/recess/-/recess-1.0.4.tgz
http 200 https://registry.npmjs.org/jshint
silly get cb [ 200,
silly get cb   { vary: 'Accept',
silly get cb     server: 'CouchDB/1.2.0 (Erlang OTP/R15B)',
silly get cb     etag: '"3RW595B9ECBBC45QJCVF35NNM"',
silly get cb     date: 'Wed, 04 Jul 2012 16:46:26 GMT',
silly get cb     'content-type': 'application/json',
silly get cb     'content-length': '54305' } ]
verbose mkdir (expected) error ENOENT, no such file or directory '/home/leandro/.npm/jshint'
verbose mkdir done: /home/leandro/.npm/jshint 755
silly name, range, hasData 2 [ 'jshint', '', true ]
silly versions [ 'jshint',
silly versions   [ '0.1.8',
silly versions     '0.1.9',
silly versions     '0.2.0',
silly versions     '0.2.1',
silly versions     '0.2.2',
silly versions     '0.2.3',
silly versions     '0.3.0',
silly versions     '0.3.1',
silly versions     '0.4.0',
silly versions     '0.5.0',
silly versions     '0.5.1',
silly versions     '0.5.2',
silly versions     '0.5.3',
silly versions     '0.5.4',
silly versions     '0.5.5',
silly versions     '0.5.6',
silly versions     '0.5.7',
silly versions     '0.5.8',
silly versions     '0.5.9',
silly versions     '0.6.0',
silly versions     '0.6.1',
silly versions     '0.6.2',
silly versions     '0.6.3',
silly versions     '0.7.0',
silly versions     '0.7.1' ] ]
verbose bin dist [ '0.6-ares1.7.5-evundefined-openssl1.0.1-v83.7.12.22-linux-x64-3.2.0-23-generic',
verbose bin dist   { shasum: '7c62cdd1b260ec71743a9851ce79a9fc9d22ff15',
verbose bin dist     tarball: 'http://registry.npmjs.org/jshint/-/jshint-0.7.1.tgz' } ]
verbose addRemoteTarball [ 'https://registry.npmjs.org/jshint/-/jshint-0.7.1.tgz',
verbose addRemoteTarball   '7c62cdd1b260ec71743a9851ce79a9fc9d22ff15' ]
verbose mkdir (expected) error ENOENT, no such file or directory '/tmp/npm-1341409588340/1341409589609-0.3744575285818428'
verbose mkdir done: /tmp/npm-1341409588340/1341409589609-0.3744575285818428 755
verbose fetch to /tmp/npm-1341409588340/1341409589609-0.3744575285818428/tmp.tgz
http GET https://registry.npmjs.org/jshint/-/jshint-0.7.1.tgz
silly updated sha bytes 40960
info shasum bb16f4b8e42bb7d4be777e8e98e4902ec873285e
info shasum /tmp/npm-1341409588340/1341409588340-0.2236644090153277/tmp.tgz
verbose mkdir (expected) error ENOENT, no such file or directory '/tmp/npm-1341409588340/1341409588340-0.2236644090153277/___package.npm'
verbose mkdir done: /tmp/npm-1341409588340/1341409588340-0.2236644090153277/___package.npm 755
verbose unpack_ uid, gid [ undefined, undefined ]
verbose unpackTarget /tmp/npm-1341409588340/1341409588340-0.2236644090153277/package
silly gunzTarPerm modes [ '755', '644' ]
silly afterUntar ok
silly asyncMap in gTP /tmp/npm-1341409588340/1341409588340-0.2236644090153277/___package.npm/package
silly asyncMap in gTP /tmp/npm-1341409588340/1341409588340-0.2236644090153277/___package.npm/package/LICENSE
silly asyncMap in gTP /tmp/npm-1341409588340/1341409588340-0.2236644090153277/___package.npm/package/.travis.yml
silly asyncMap in gTP /tmp/npm-1341409588340/1341409588340-0.2236644090153277/___package.npm/package/package.json
silly asyncMap in gTP /tmp/npm-1341409588340/1341409588340-0.2236644090153277/___package.npm/package/README.md
silly asyncMap in gTP /tmp/npm-1341409588340/1341409588340-0.2236644090153277/___package.npm/package/.gitignore
silly asyncMap in gTP /tmp/npm-1341409588340/1341409588340-0.2236644090153277/___package.npm/package/makefile
silly asyncMap in gTP /tmp/npm-1341409588340/1341409588340-0.2236644090153277/___package.npm/package/bin
silly asyncMap in gTP /tmp/npm-1341409588340/1341409588340-0.2236644090153277/___package.npm/package/bin/recess
silly asyncMap in gTP /tmp/npm-1341409588340/1341409588340-0.2236644090153277/___package.npm/package/benchmark
silly asyncMap in gTP /tmp/npm-1341409588340/1341409588340-0.2236644090153277/___package.npm/package/benchmark/benchmark.less
silly asyncMap in gTP /tmp/npm-1341409588340/1341409588340-0.2236644090153277/___package.npm/package/benchmark/index.js
silly asyncMap in gTP /tmp/npm-1341409588340/1341409588340-0.2236644090153277/___package.npm/package/lib
silly asyncMap in gTP /tmp/npm-1341409588340/1341409588340-0.2236644090153277/___package.npm/package/lib/index.js
silly asyncMap in gTP /tmp/npm-1341409588340/1341409588340-0.2236644090153277/___package.npm/package/lib/min.js
silly asyncMap in gTP /tmp/npm-1341409588340/1341409588340-0.2236644090153277/___package.npm/package/lib/util.js
silly asyncMap in gTP /tmp/npm-1341409588340/1341409588340-0.2236644090153277/___package.npm/package/lib/core.js
silly asyncMap in gTP /tmp/npm-1341409588340/1341409588340-0.2236644090153277/___package.npm/package/lib/lint
silly asyncMap in gTP /tmp/npm-1341409588340/1341409588340-0.2236644090153277/___package.npm/package/lib/lint/no-universal-selectors.js
silly asyncMap in gTP /tmp/npm-1341409588340/1341409588340-0.2236644090153277/___package.npm/package/lib/lint/no-underscores.js
silly asyncMap in gTP /tmp/npm-1341409588340/1341409588340-0.2236644090153277/___package.npm/package/lib/lint/zero-units.js
silly asyncMap in gTP /tmp/npm-1341409588340/1341409588340-0.2236644090153277/___package.npm/package/lib/lint/strict-property-order.js
silly asyncMap in gTP /tmp/npm-1341409588340/1341409588340-0.2236644090153277/___package.npm/package/lib/lint/no-IDs.js
silly asyncMap in gTP /tmp/npm-1341409588340/1341409588340-0.2236644090153277/___package.npm/package/lib/lint/no-JS-prefix.js
silly asyncMap in gTP /tmp/npm-1341409588340/1341409588340-0.2236644090153277/___package.npm/package/lib/lint/no-overqualifying.js
silly asyncMap in gTP /tmp/npm-1341409588340/1341409588340-0.2236644090153277/___package.npm/package/lib/compile
silly asyncMap in gTP /tmp/npm-1341409588340/1341409588340-0.2236644090153277/___package.npm/package/lib/compile/zero-units.js
silly asyncMap in gTP /tmp/npm-1341409588340/1341409588340-0.2236644090153277/___package.npm/package/lib/compile/prefix-whitespace.js
silly asyncMap in gTP /tmp/npm-1341409588340/1341409588340-0.2236644090153277/___package.npm/package/lib/compile/strict-property-order.js
silly asyncMap in gTP /tmp/npm-1341409588340/1341409588340-0.2236644090153277/___package.npm/package/test
silly asyncMap in gTP /tmp/npm-1341409588340/1341409588340-0.2236644090153277/___package.npm/package/test/index.js
silly asyncMap in gTP /tmp/npm-1341409588340/1341409588340-0.2236644090153277/___package.npm/package/test/types
silly asyncMap in gTP /tmp/npm-1341409588340/1341409588340-0.2236644090153277/___package.npm/package/test/types/errors.js
silly asyncMap in gTP /tmp/npm-1341409588340/1341409588340-0.2236644090153277/___package.npm/package/test/types/lint.js
silly asyncMap in gTP /tmp/npm-1341409588340/1341409588340-0.2236644090153277/___package.npm/package/test/types/compile.js
silly asyncMap in gTP /tmp/npm-1341409588340/1341409588340-0.2236644090153277/___package.npm/package/test/fixtures
silly asyncMap in gTP /tmp/npm-1341409588340/1341409588340-0.2236644090153277/___package.npm/package/test/fixtures/preboot.less
silly asyncMap in gTP /tmp/npm-1341409588340/1341409588340-0.2236644090153277/___package.npm/package/test/fixtures/no-JS.css
silly asyncMap in gTP /tmp/npm-1341409588340/1341409588340-0.2236644090153277/___package.npm/package/test/fixtures/no-IDs.css
silly asyncMap in gTP /tmp/npm-1341409588340/1341409588340-0.2236644090153277/___package.npm/package/test/fixtures/no-underscores.css
silly asyncMap in gTP /tmp/npm-1341409588340/1341409588340-0.2236644090153277/___package.npm/package/test/fixtures/blog.css
silly asyncMap in gTP /tmp/npm-1341409588340/1341409588340-0.2236644090153277/___package.npm/package/test/fixtures/prefixes.css
silly asyncMap in gTP /tmp/npm-1341409588340/1341409588340-0.2236644090153277/___package.npm/package/test/fixtures/zero-units.css
silly asyncMap in gTP /tmp/npm-1341409588340/1341409588340-0.2236644090153277/___package.npm/package/test/fixtures/simple.css
silly asyncMap in gTP /tmp/npm-1341409588340/1341409588340-0.2236644090153277/___package.npm/package/test/fixtures/universal-selectors.css
silly asyncMap in gTP /tmp/npm-1341409588340/1341409588340-0.2236644090153277/___package.npm/package/test/fixtures/property-order.css
silly asyncMap in gTP /tmp/npm-1341409588340/1341409588340-0.2236644090153277/___package.npm/package/test/fixtures/no-overqualifying.css
silly asyncMap in gTP /tmp/npm-1341409588340/1341409588340-0.2236644090153277/___package.npm/package/test/compiled
silly asyncMap in gTP /tmp/npm-1341409588340/1341409588340-0.2236644090153277/___package.npm/package/test/compiled/no-JS.css
silly asyncMap in gTP /tmp/npm-1341409588340/1341409588340-0.2236644090153277/___package.npm/package/test/compiled/no-IDs.css
silly asyncMap in gTP /tmp/npm-1341409588340/1341409588340-0.2236644090153277/___package.npm/package/test/compiled/no-underscores.css
silly asyncMap in gTP /tmp/npm-1341409588340/1341409588340-0.2236644090153277/___package.npm/package/test/compiled/blog.css
silly asyncMap in gTP /tmp/npm-1341409588340/1341409588340-0.2236644090153277/___package.npm/package/test/compiled/prefixes.css
silly asyncMap in gTP /tmp/npm-1341409588340/1341409588340-0.2236644090153277/___package.npm/package/test/compiled/preboot.css
silly asyncMap in gTP /tmp/npm-1341409588340/1341409588340-0.2236644090153277/___package.npm/package/test/compiled/zero-units.css
silly asyncMap in gTP /tmp/npm-1341409588340/1341409588340-0.2236644090153277/___package.npm/package/test/compiled/simple.css
silly asyncMap in gTP /tmp/npm-1341409588340/1341409588340-0.2236644090153277/___package.npm/package/test/compiled/universal-selectors.css
silly asyncMap in gTP /tmp/npm-1341409588340/1341409588340-0.2236644090153277/___package.npm/package/test/compiled/property-order.css
silly asyncMap in gTP /tmp/npm-1341409588340/1341409588340-0.2236644090153277/___package.npm/package/test/compiled/no-overqualifying.css
silly chmod package 755
silly chmod bin 755
silly chmod benchmark 755
silly chmod lib 755
silly chmod lint 755
silly chmod compile 755
silly chmod test 755
silly chmod types 755
silly chmod fixtures 755
silly chmod compiled 755
verbose gunzed /tmp/npm-1341409588340/1341409588340-0.2236644090153277/___package.npm/package
verbose rm'ed /tmp/npm-1341409588340/1341409588340-0.2236644090153277/package
verbose renamed [ '/tmp/npm-1341409588340/1341409588340-0.2236644090153277/___package.npm/package',
verbose renamed   '/tmp/npm-1341409588340/1341409588340-0.2236644090153277/package' ]
verbose caching /tmp/npm-1341409588340/1341409588340-0.2236644090153277/package/package.json
verbose loadDefaults recess@1.0.4
verbose tarball contents [ 'tmp.tgz', 'package' ]
verbose from cache /tmp/npm-1341409588340/1341409588340-0.2236644090153277/package/package.json
verbose pack /tmp/npm-1341409588340/1341409588340-0.2236644090153277/package
verbose pack /tmp/npm-1341409588340/1341409588340-0.2236644090153277/package /home/leandro/.npm/recess/1.0.4/package.tgz
silly makeList /tmp/npm-1341409588340/1341409588340-0.2236644090153277/package
silly dir, dirLen [ '/tmp/npm-1341409588340/1341409588340-0.2236644090153277/package',
silly dir, dirLen   64 ]
verbose tarball /home/leandro/.npm/recess/1.0.4/package.tgz
verbose parent /tmp/npm-1341409588340/1341409588340-0.2236644090153277/package
verbose mkdir (expected) error ENOENT, no such file or directory '/home/leandro/.npm/recess/1.0.4/___package.npm'
verbose mkdir done: /home/leandro/.npm/recess/1.0.4/___package.npm 755
verbose unpack_ uid, gid [ undefined, undefined ]
verbose unpackTarget /home/leandro/.npm/recess/1.0.4/package
silly gunzTarPerm modes [ '755', '644' ]
silly afterUntar ok
silly asyncMap in gTP /home/leandro/.npm/recess/1.0.4/___package.npm/package
silly asyncMap in gTP /home/leandro/.npm/recess/1.0.4/___package.npm/package/LICENSE
silly asyncMap in gTP /home/leandro/.npm/recess/1.0.4/___package.npm/package/.travis.yml
silly asyncMap in gTP /home/leandro/.npm/recess/1.0.4/___package.npm/package/package.json
silly asyncMap in gTP /home/leandro/.npm/recess/1.0.4/___package.npm/package/README.md
silly asyncMap in gTP /home/leandro/.npm/recess/1.0.4/___package.npm/package/makefile
silly asyncMap in gTP /home/leandro/.npm/recess/1.0.4/___package.npm/package/.npmignore
silly asyncMap in gTP /home/leandro/.npm/recess/1.0.4/___package.npm/package/bin
silly asyncMap in gTP /home/leandro/.npm/recess/1.0.4/___package.npm/package/bin/recess
silly asyncMap in gTP /home/leandro/.npm/recess/1.0.4/___package.npm/package/benchmark
silly asyncMap in gTP /home/leandro/.npm/recess/1.0.4/___package.npm/package/benchmark/benchmark.less
silly asyncMap in gTP /home/leandro/.npm/recess/1.0.4/___package.npm/package/benchmark/index.js
silly asyncMap in gTP /home/leandro/.npm/recess/1.0.4/___package.npm/package/lib
silly asyncMap in gTP /home/leandro/.npm/recess/1.0.4/___package.npm/package/lib/index.js
silly asyncMap in gTP /home/leandro/.npm/recess/1.0.4/___package.npm/package/lib/min.js
silly asyncMap in gTP /home/leandro/.npm/recess/1.0.4/___package.npm/package/lib/util.js
silly asyncMap in gTP /home/leandro/.npm/recess/1.0.4/___package.npm/package/lib/core.js
silly asyncMap in gTP /home/leandro/.npm/recess/1.0.4/___package.npm/package/lib/lint
silly asyncMap in gTP /home/leandro/.npm/recess/1.0.4/___package.npm/package/lib/lint/no-universal-selectors.js
silly asyncMap in gTP /home/leandro/.npm/recess/1.0.4/___package.npm/package/lib/lint/no-underscores.js
silly asyncMap in gTP /home/leandro/.npm/recess/1.0.4/___package.npm/package/lib/lint/zero-units.js
silly asyncMap in gTP /home/leandro/.npm/recess/1.0.4/___package.npm/package/lib/lint/strict-property-order.js
silly asyncMap in gTP /home/leandro/.npm/recess/1.0.4/___package.npm/package/lib/lint/no-IDs.js
silly asyncMap in gTP /home/leandro/.npm/recess/1.0.4/___package.npm/package/lib/lint/no-JS-prefix.js
silly asyncMap in gTP /home/leandro/.npm/recess/1.0.4/___package.npm/package/lib/lint/no-overqualifying.js
silly asyncMap in gTP /home/leandro/.npm/recess/1.0.4/___package.npm/package/lib/compile
silly asyncMap in gTP /home/leandro/.npm/recess/1.0.4/___package.npm/package/lib/compile/prefix-whitespace.js
silly asyncMap in gTP /home/leandro/.npm/recess/1.0.4/___package.npm/package/lib/compile/zero-units.js
silly asyncMap in gTP /home/leandro/.npm/recess/1.0.4/___package.npm/package/lib/compile/strict-property-order.js
silly asyncMap in gTP /home/leandro/.npm/recess/1.0.4/___package.npm/package/test
silly asyncMap in gTP /home/leandro/.npm/recess/1.0.4/___package.npm/package/test/index.js
silly asyncMap in gTP /home/leandro/.npm/recess/1.0.4/___package.npm/package/test/types
silly asyncMap in gTP /home/leandro/.npm/recess/1.0.4/___package.npm/package/test/types/errors.js
silly asyncMap in gTP /home/leandro/.npm/recess/1.0.4/___package.npm/package/test/types/lint.js
silly asyncMap in gTP /home/leandro/.npm/recess/1.0.4/___package.npm/package/test/types/compile.js
silly asyncMap in gTP /home/leandro/.npm/recess/1.0.4/___package.npm/package/test/fixtures
silly asyncMap in gTP /home/leandro/.npm/recess/1.0.4/___package.npm/package/test/fixtures/preboot.less
silly asyncMap in gTP /home/leandro/.npm/recess/1.0.4/___package.npm/package/test/fixtures/no-JS.css
silly asyncMap in gTP /home/leandro/.npm/recess/1.0.4/___package.npm/package/test/fixtures/no-IDs.css
silly asyncMap in gTP /home/leandro/.npm/recess/1.0.4/___package.npm/package/test/fixtures/blog.css
silly asyncMap in gTP /home/leandro/.npm/recess/1.0.4/___package.npm/package/test/fixtures/no-underscores.css
silly asyncMap in gTP /home/leandro/.npm/recess/1.0.4/___package.npm/package/test/fixtures/prefixes.css
silly asyncMap in gTP /home/leandro/.npm/recess/1.0.4/___package.npm/package/test/fixtures/zero-units.css
silly asyncMap in gTP /home/leandro/.npm/recess/1.0.4/___package.npm/package/test/fixtures/simple.css
silly asyncMap in gTP /home/leandro/.npm/recess/1.0.4/___package.npm/package/test/fixtures/universal-selectors.css
silly asyncMap in gTP /home/leandro/.npm/recess/1.0.4/___package.npm/package/test/fixtures/property-order.css
silly asyncMap in gTP /home/leandro/.npm/recess/1.0.4/___package.npm/package/test/fixtures/no-overqualifying.css
silly asyncMap in gTP /home/leandro/.npm/recess/1.0.4/___package.npm/package/test/compiled
silly asyncMap in gTP /home/leandro/.npm/recess/1.0.4/___package.npm/package/test/compiled/no-JS.css
silly asyncMap in gTP /home/leandro/.npm/recess/1.0.4/___package.npm/package/test/compiled/no-IDs.css
silly asyncMap in gTP /home/leandro/.npm/recess/1.0.4/___package.npm/package/test/compiled/no-underscores.css
silly asyncMap in gTP /home/leandro/.npm/recess/1.0.4/___package.npm/package/test/compiled/blog.css
silly asyncMap in gTP /home/leandro/.npm/recess/1.0.4/___package.npm/package/test/compiled/prefixes.css
silly asyncMap in gTP /home/leandro/.npm/recess/1.0.4/___package.npm/package/test/compiled/preboot.css
silly asyncMap in gTP /home/leandro/.npm/recess/1.0.4/___package.npm/package/test/compiled/simple.css
silly asyncMap in gTP /home/leandro/.npm/recess/1.0.4/___package.npm/package/test/compiled/zero-units.css
silly asyncMap in gTP /home/leandro/.npm/recess/1.0.4/___package.npm/package/test/compiled/property-order.css
silly asyncMap in gTP /home/leandro/.npm/recess/1.0.4/___package.npm/package/test/compiled/universal-selectors.css
silly asyncMap in gTP /home/leandro/.npm/recess/1.0.4/___package.npm/package/test/compiled/no-overqualifying.css
silly chmod package 755
verbose gunzed /home/leandro/.npm/recess/1.0.4/___package.npm/package
verbose rm'ed /home/leandro/.npm/recess/1.0.4/package
verbose renamed [ '/home/leandro/.npm/recess/1.0.4/___package.npm/package',
verbose renamed   '/home/leandro/.npm/recess/1.0.4/package' ]
verbose caching /home/leandro/.npm/recess/1.0.4/package/package.json
verbose loadDefaults recess@1.0.4
silly updated sha bytes 40679
info shasum 4741266a4c885a04aae8cd422c84a75121e1de82
info shasum /home/leandro/.npm/recess/1.0.4/package.tgz
verbose from cache /home/leandro/.npm/recess/1.0.4/package/package.json
verbose chmod /home/leandro/.npm/recess/1.0.4/package.tgz 644
verbose chown [ '/home/leandro/.npm/recess/1.0.4/package.tgz', 1000, 1000 ]
http 200 https://registry.npmjs.org/uglify-js/-/uglify-js-1.3.2.tgz
http 200 https://registry.npmjs.org/jshint/-/jshint-0.7.1.tgz
silly updated sha bytes 40960
silly updated sha bytes 40960
silly updated sha bytes 5168
info shasum 7ed11c9dedf77f29632286ea4dc96a2229aef98e
info shasum /tmp/npm-1341409588340/1341409589265-0.1812448187265545/tmp.tgz
verbose mkdir (expected) error ENOENT, no such file or directory '/tmp/npm-1341409588340/1341409589265-0.1812448187265545/___package.npm'
verbose mkdir done: /tmp/npm-1341409588340/1341409589265-0.1812448187265545/___package.npm 755
verbose unpack_ uid, gid [ undefined, undefined ]
verbose unpackTarget /tmp/npm-1341409588340/1341409589265-0.1812448187265545/package
silly gunzTarPerm modes [ '755', '644' ]
silly afterUntar ok
silly asyncMap in gTP /tmp/npm-1341409588340/1341409589265-0.1812448187265545/___package.npm/package
silly asyncMap in gTP /tmp/npm-1341409588340/1341409589265-0.1812448187265545/___package.npm/package/docstyle.css
silly asyncMap in gTP /tmp/npm-1341409588340/1341409589265-0.1812448187265545/___package.npm/package/uglify-js.js
silly asyncMap in gTP /tmp/npm-1341409588340/1341409589265-0.1812448187265545/___package.npm/package/README.org
silly asyncMap in gTP /tmp/npm-1341409588340/1341409589265-0.1812448187265545/___package.npm/package/package.json
silly asyncMap in gTP /tmp/npm-1341409588340/1341409589265-0.1812448187265545/___package.npm/package/README.html
silly asyncMap in gTP /tmp/npm-1341409588340/1341409589265-0.1812448187265545/___package.npm/package/.npmignore
silly asyncMap in gTP /tmp/npm-1341409588340/1341409589265-0.1812448187265545/___package.npm/package/lib
silly asyncMap in gTP /tmp/npm-1341409588340/1341409589265-0.1812448187265545/___package.npm/package/lib/squeeze-more.js
silly asyncMap in gTP /tmp/npm-1341409588340/1341409589265-0.1812448187265545/___package.npm/package/lib/process.js
silly asyncMap in gTP /tmp/npm-1341409588340/1341409589265-0.1812448187265545/___package.npm/package/lib/consolidator.js
silly asyncMap in gTP /tmp/npm-1341409588340/1341409589265-0.1812448187265545/___package.npm/package/lib/parse-js.js
silly asyncMap in gTP /tmp/npm-1341409588340/1341409589265-0.1812448187265545/___package.npm/package/bin
silly asyncMap in gTP /tmp/npm-1341409588340/1341409589265-0.1812448187265545/___package.npm/package/bin/uglifyjs
silly asyncMap in gTP /tmp/npm-1341409588340/1341409589265-0.1812448187265545/___package.npm/package/tmp
silly asyncMap in gTP /tmp/npm-1341409588340/1341409589265-0.1812448187265545/___package.npm/package/tmp/test.js
silly asyncMap in gTP /tmp/npm-1341409588340/1341409589265-0.1812448187265545/___package.npm/package/tmp/hoist.js
silly asyncMap in gTP /tmp/npm-1341409588340/1341409589265-0.1812448187265545/___package.npm/package/tmp/instrument.js
silly asyncMap in gTP /tmp/npm-1341409588340/1341409589265-0.1812448187265545/___package.npm/package/test
silly asyncMap in gTP /tmp/npm-1341409588340/1341409589265-0.1812448187265545/___package.npm/package/test/testparser.js
silly asyncMap in gTP /tmp/npm-1341409588340/1341409589265-0.1812448187265545/___package.npm/package/test/beautify.js
silly asyncMap in gTP /tmp/npm-1341409588340/1341409589265-0.1812448187265545/___package.npm/package/test/testconsolidator.js
silly asyncMap in gTP /tmp/npm-1341409588340/1341409589265-0.1812448187265545/___package.npm/package/test/unit
silly asyncMap in gTP /tmp/npm-1341409588340/1341409589265-0.1812448187265545/___package.npm/package/test/unit/scripts.js
silly asyncMap in gTP /tmp/npm-1341409588340/1341409589265-0.1812448187265545/___package.npm/package/test/unit/compress
silly asyncMap in gTP /tmp/npm-1341409588340/1341409589265-0.1812448187265545/___package.npm/package/test/unit/compress/test
silly asyncMap in gTP /tmp/npm-1341409588340/1341409589265-0.1812448187265545/___package.npm/package/test/unit/compress/test/var.js
silly asyncMap in gTP /tmp/npm-1341409588340/1341409589265-0.1812448187265545/___package.npm/package/test/unit/compress/test/issue11.js
silly asyncMap in gTP /tmp/npm-1341409588340/1341409589265-0.1812448187265545/___package.npm/package/test/unit/compress/test/if-not.js
silly asyncMap in gTP /tmp/npm-1341409588340/1341409589265-0.1812448187265545/___package.npm/package/test/unit/compress/test/issue69.js
silly asyncMap in gTP /tmp/npm-1341409588340/1341409589265-0.1812448187265545/___package.npm/package/test/unit/compress/test/null_string.js
silly asyncMap in gTP /tmp/npm-1341409588340/1341409589265-0.1812448187265545/___package.npm/package/test/unit/compress/test/issue21.js
silly asyncMap in gTP /tmp/npm-1341409588340/1341409589265-0.1812448187265545/___package.npm/package/test/unit/compress/test/issues222_324.js
silly asyncMap in gTP /tmp/npm-1341409588340/1341409589265-0.1812448187265545/___package.npm/package/test/unit/compress/test/concatstring.js
silly asyncMap in gTP /tmp/npm-1341409588340/1341409589265-0.1812448187265545/___package.npm/package/test/unit/compress/test/const.js
silly asyncMap in gTP /tmp/npm-1341409588340/1341409589265-0.1812448187265545/___package.npm/package/test/unit/compress/test/issue29.js
silly asyncMap in gTP /tmp/npm-1341409588340/1341409589265-0.1812448187265545/___package.npm/package/test/unit/compress/test/issue50.js
silly asyncMap in gTP /tmp/npm-1341409588340/1341409589265-0.1812448187265545/___package.npm/package/test/unit/compress/test/issue278.js
silly asyncMap in gTP /tmp/npm-1341409588340/1341409589265-0.1812448187265545/___package.npm/package/test/unit/compress/test/issue14.js
silly asyncMap in gTP /tmp/npm-1341409588340/1341409589265-0.1812448187265545/___package.npm/package/test/unit/compress/test/forstatement.js
silly asyncMap in gTP /tmp/npm-1341409588340/1341409589265-0.1812448187265545/___package.npm/package/test/unit/compress/test/issue28.js
silly asyncMap in gTP /tmp/npm-1341409588340/1341409589265-0.1812448187265545/___package.npm/package/test/unit/compress/test/issue349.js
silly asyncMap in gTP /tmp/npm-1341409588340/1341409589265-0.1812448187265545/___package.npm/package/test/unit/compress/test/issue17.js
silly asyncMap in gTP /tmp/npm-1341409588340/1341409589265-0.1812448187265545/___package.npm/package/test/unit/compress/test/ifreturn2.js
silly asyncMap in gTP /tmp/npm-1341409588340/1341409589265-0.1812448187265545/___package.npm/package/test/unit/compress/test/issue4.js
silly asyncMap in gTP /tmp/npm-1341409588340/1341409589265-0.1812448187265545/___package.npm/package/test/unit/compress/test/ifreturn.js
silly asyncMap in gTP /tmp/npm-1341409588340/1341409589265-0.1812448187265545/___package.npm/package/test/unit/compress/test/issue9.js
silly asyncMap in gTP /tmp/npm-1341409588340/1341409589265-0.1812448187265545/___package.npm/package/test/unit/compress/test/with.js
silly asyncMap in gTP /tmp/npm-1341409588340/1341409589265-0.1812448187265545/___package.npm/package/test/unit/compress/test/issue34.js
silly asyncMap in gTP /tmp/npm-1341409588340/1341409589265-0.1812448187265545/___package.npm/package/test/unit/compress/test/if.js
silly asyncMap in gTP /tmp/npm-1341409588340/1341409589265-0.1812448187265545/___package.npm/package/test/unit/compress/test/array1.js
silly asyncMap in gTP /tmp/npm-1341409588340/1341409589265-0.1812448187265545/___package.npm/package/test/unit/compress/test/empty-blocks.js
silly asyncMap in gTP /tmp/npm-1341409588340/1341409589265-0.1812448187265545/___package.npm/package/test/unit/compress/test/issue68.js
silly asyncMap in gTP /tmp/npm-1341409588340/1341409589265-0.1812448187265545/___package.npm/package/test/unit/compress/test/1e21.js
silly asyncMap in gTP /tmp/npm-1341409588340/1341409589265-0.1812448187265545/___package.npm/package/test/unit/compress/test/issue27.js
silly asyncMap in gTP /tmp/npm-1341409588340/1341409589265-0.1812448187265545/___package.npm/package/test/unit/compress/test/whitespace.js
silly asyncMap in gTP /tmp/npm-1341409588340/1341409589265-0.1812448187265545/___package.npm/package/test/unit/compress/test/issue353.js
silly asyncMap in gTP /tmp/npm-1341409588340/1341409589265-0.1812448187265545/___package.npm/package/test/unit/compress/test/array2.js
silly asyncMap in gTP /tmp/npm-1341409588340/1341409589265-0.1812448187265545/___package.npm/package/test/unit/compress/test/issue16.js
silly asyncMap in gTP /tmp/npm-1341409588340/1341409589265-0.1812448187265545/___package.npm/package/test/unit/compress/test/issue30.js
silly asyncMap in gTP /tmp/npm-1341409588340/1341409589265-0.1812448187265545/___package.npm/package/test/unit/compress/test/array3.js
silly asyncMap in gTP /tmp/npm-1341409588340/1341409589265-0.1812448187265545/___package.npm/package/test/unit/compress/test/issue372.js
silly asyncMap in gTP /tmp/npm-1341409588340/1341409589265-0.1812448187265545/___package.npm/package/test/unit/compress/test/issue54.1.js
silly asyncMap in gTP /tmp/npm-1341409588340/1341409589265-0.1812448187265545/___package.npm/package/test/unit/compress/test/issue25.js
silly asyncMap in gTP /tmp/npm-1341409588340/1341409589265-0.1812448187265545/___package.npm/package/test/unit/compress/test/assignment.js
silly asyncMap in gTP /tmp/npm-1341409588340/1341409589265-0.1812448187265545/___package.npm/package/test/unit/compress/test/issue13.js
silly asyncMap in gTP /tmp/npm-1341409588340/1341409589265-0.1812448187265545/___package.npm/package/test/unit/compress/test/strict-equals.js
silly asyncMap in gTP /tmp/npm-1341409588340/1341409589265-0.1812448187265545/___package.npm/package/test/unit/compress/test/infinite.js
silly asyncMap in gTP /tmp/npm-1341409588340/1341409589265-0.1812448187265545/___package.npm/package/test/unit/compress/test/issue53.js
silly asyncMap in gTP /tmp/npm-1341409588340/1341409589265-0.1812448187265545/___package.npm/package/test/unit/compress/test/issue10.js
silly asyncMap in gTP /tmp/npm-1341409588340/1341409589265-0.1812448187265545/___package.npm/package/test/unit/compress/test/issue48.js
silly asyncMap in gTP /tmp/npm-1341409588340/1341409589265-0.1812448187265545/___package.npm/package/test/unit/compress/test/issue20.js
silly asyncMap in gTP /tmp/npm-1341409588340/1341409589265-0.1812448187265545/___package.npm/package/test/unit/compress/test/array4.js
silly asyncMap in gTP /tmp/npm-1341409588340/1341409589265-0.1812448187265545/___package.npm/package/test/unit/compress/test/mangle.js
silly asyncMap in gTP /tmp/npm-1341409588340/1341409589265-0.1812448187265545/___package.npm/package/test/unit/compress/expected
silly asyncMap in gTP /tmp/npm-1341409588340/1341409589265-0.1812448187265545/___package.npm/package/test/unit/compress/expected/var.js
silly asyncMap in gTP /tmp/npm-1341409588340/1341409589265-0.1812448187265545/___package.npm/package/test/unit/compress/expected/issue11.js
silly asyncMap in gTP /tmp/npm-1341409588340/1341409589265-0.1812448187265545/___package.npm/package/test/unit/compress/expected/if-not.js
silly asyncMap in gTP /tmp/npm-1341409588340/1341409589265-0.1812448187265545/___package.npm/package/test/unit/compress/expected/issue69.js
silly asyncMap in gTP /tmp/npm-1341409588340/1341409589265-0.1812448187265545/___package.npm/package/test/unit/compress/expected/null_string.js
silly asyncMap in gTP /tmp/npm-1341409588340/1341409589265-0.1812448187265545/___package.npm/package/test/unit/compress/expected/issue21.js
silly asyncMap in gTP /tmp/npm-1341409588340/1341409589265-0.1812448187265545/___package.npm/package/test/unit/compress/expected/issues222_324.js
silly asyncMap in gTP /tmp/npm-1341409588340/1341409589265-0.1812448187265545/___package.npm/package/test/unit/compress/expected/concatstring.js
silly asyncMap in gTP /tmp/npm-1341409588340/1341409589265-0.1812448187265545/___package.npm/package/test/unit/compress/expected/const.js
silly asyncMap in gTP /tmp/npm-1341409588340/1341409589265-0.1812448187265545/___package.npm/package/test/unit/compress/expected/issue29.js
silly asyncMap in gTP /tmp/npm-1341409588340/1341409589265-0.1812448187265545/___package.npm/package/test/unit/compress/expected/issue50.js
silly asyncMap in gTP /tmp/npm-1341409588340/1341409589265-0.1812448187265545/___package.npm/package/test/unit/compress/expected/issue278.js
silly asyncMap in gTP /tmp/npm-1341409588340/1341409589265-0.1812448187265545/___package.npm/package/test/unit/compress/expected/issue14.js
silly asyncMap in gTP /tmp/npm-1341409588340/1341409589265-0.1812448187265545/___package.npm/package/test/unit/compress/expected/forstatement.js
silly asyncMap in gTP /tmp/npm-1341409588340/1341409589265-0.1812448187265545/___package.npm/package/test/unit/compress/expected/issue28.js
silly asyncMap in gTP /tmp/npm-1341409588340/1341409589265-0.1812448187265545/___package.npm/package/test/unit/compress/expected/issue349.js
silly asyncMap in gTP /tmp/npm-1341409588340/1341409589265-0.1812448187265545/___package.npm/package/test/unit/compress/expected/issue17.js
silly asyncMap in gTP /tmp/npm-1341409588340/1341409589265-0.1812448187265545/___package.npm/package/test/unit/compress/expected/ifreturn2.js
silly asyncMap in gTP /tmp/npm-1341409588340/1341409589265-0.1812448187265545/___package.npm/package/test/unit/compress/expected/issue4.js
silly asyncMap in gTP /tmp/npm-1341409588340/1341409589265-0.1812448187265545/___package.npm/package/test/unit/compress/expected/ifreturn.js
silly asyncMap in gTP /tmp/npm-1341409588340/1341409589265-0.1812448187265545/___package.npm/package/test/unit/compress/expected/issue9.js
silly asyncMap in gTP /tmp/npm-1341409588340/1341409589265-0.1812448187265545/___package.npm/package/test/unit/compress/expected/with.js
silly asyncMap in gTP /tmp/npm-1341409588340/1341409589265-0.1812448187265545/___package.npm/package/test/unit/compress/expected/issue34.js
silly asyncMap in gTP /tmp/npm-1341409588340/1341409589265-0.1812448187265545/___package.npm/package/test/unit/compress/expected/if.js
silly asyncMap in gTP /tmp/npm-1341409588340/1341409589265-0.1812448187265545/___package.npm/package/test/unit/compress/expected/array1.js
silly asyncMap in gTP /tmp/npm-1341409588340/1341409589265-0.1812448187265545/___package.npm/package/test/unit/compress/expected/empty-blocks.js
silly asyncMap in gTP /tmp/npm-1341409588340/1341409589265-0.1812448187265545/___package.npm/package/test/unit/compress/expected/issue68.js
silly asyncMap in gTP /tmp/npm-1341409588340/1341409589265-0.1812448187265545/___package.npm/package/test/unit/compress/expected/1e21.js
silly asyncMap in gTP /tmp/npm-1341409588340/1341409589265-0.1812448187265545/___package.npm/package/test/unit/compress/expected/issue27.js
silly asyncMap in gTP /tmp/npm-1341409588340/1341409589265-0.1812448187265545/___package.npm/package/test/unit/compress/expected/whitespace.js
silly asyncMap in gTP /tmp/npm-1341409588340/1341409589265-0.1812448187265545/___package.npm/package/test/unit/compress/expected/issue353.js
silly asyncMap in gTP /tmp/npm-1341409588340/1341409589265-0.1812448187265545/___package.npm/package/test/unit/compress/expected/array2.js
silly asyncMap in gTP /tmp/npm-1341409588340/1341409589265-0.1812448187265545/___package.npm/package/test/unit/compress/expected/issue16.js
silly asyncMap in gTP /tmp/npm-1341409588340/1341409589265-0.1812448187265545/___package.npm/package/test/unit/compress/expected/issue30.js
silly asyncMap in gTP /tmp/npm-1341409588340/1341409589265-0.1812448187265545/___package.npm/package/test/unit/compress/expected/array3.js
silly asyncMap in gTP /tmp/npm-1341409588340/1341409589265-0.1812448187265545/___package.npm/package/test/unit/compress/expected/issue372.js
silly asyncMap in gTP /tmp/npm-1341409588340/1341409589265-0.1812448187265545/___package.npm/package/test/unit/compress/expected/issue54.1.js
silly asyncMap in gTP /tmp/npm-1341409588340/1341409589265-0.1812448187265545/___package.npm/package/test/unit/compress/expected/issue25.js
silly asyncMap in gTP /tmp/npm-1341409588340/1341409589265-0.1812448187265545/___package.npm/package/test/unit/compress/expected/assignment.js
silly asyncMap in gTP /tmp/npm-1341409588340/1341409589265-0.1812448187265545/___package.npm/package/test/unit/compress/expected/issue13.js
silly asyncMap in gTP /tmp/npm-1341409588340/1341409589265-0.1812448187265545/___package.npm/package/test/unit/compress/expected/strict-equals.js
silly asyncMap in gTP /tmp/npm-1341409588340/1341409589265-0.1812448187265545/___package.npm/package/test/unit/compress/expected/infinite.js
silly asyncMap in gTP /tmp/npm-1341409588340/1341409589265-0.1812448187265545/___package.npm/package/test/unit/compress/expected/issue10.js
silly asyncMap in gTP /tmp/npm-1341409588340/1341409589265-0.1812448187265545/___package.npm/package/test/unit/compress/expected/issue53.js
silly asyncMap in gTP /tmp/npm-1341409588340/1341409589265-0.1812448187265545/___package.npm/package/test/unit/compress/expected/issue48.js
silly asyncMap in gTP /tmp/npm-1341409588340/1341409589265-0.1812448187265545/___package.npm/package/test/unit/compress/expected/array4.js
silly asyncMap in gTP /tmp/npm-1341409588340/1341409589265-0.1812448187265545/___package.npm/package/test/unit/compress/expected/issue20.js
silly asyncMap in gTP /tmp/npm-1341409588340/1341409589265-0.1812448187265545/___package.npm/package/test/unit/compress/expected/mangle.js
silly chmod package 755
verbose gunzed /tmp/npm-1341409588340/1341409589265-0.1812448187265545/___package.npm/package
verbose rm'ed /tmp/npm-1341409588340/1341409589265-0.1812448187265545/package
verbose renamed [ '/tmp/npm-1341409588340/1341409589265-0.1812448187265545/___package.npm/package',
verbose renamed   '/tmp/npm-1341409588340/1341409589265-0.1812448187265545/package' ]
verbose caching /tmp/npm-1341409588340/1341409589265-0.1812448187265545/package/package.json
verbose loadDefaults uglify-js@1.3.2
verbose tarball contents [ 'tmp.tgz', 'package' ]
verbose from cache /tmp/npm-1341409588340/1341409589265-0.1812448187265545/package/package.json
verbose pack /tmp/npm-1341409588340/1341409589265-0.1812448187265545/package
verbose pack /tmp/npm-1341409588340/1341409589265-0.1812448187265545/package /home/leandro/.npm/uglify-js/1.3.2/package.tgz
silly makeList /tmp/npm-1341409588340/1341409589265-0.1812448187265545/package
silly dir, dirLen [ '/tmp/npm-1341409588340/1341409589265-0.1812448187265545/package',
silly dir, dirLen   64 ]
verbose tarball /home/leandro/.npm/uglify-js/1.3.2/package.tgz
verbose parent /tmp/npm-1341409588340/1341409589265-0.1812448187265545/package
verbose mkdir (expected) error ENOENT, no such file or directory '/home/leandro/.npm/uglify-js/1.3.2/___package.npm'
verbose mkdir done: /home/leandro/.npm/uglify-js/1.3.2/___package.npm 755
verbose unpack_ uid, gid [ undefined, undefined ]
verbose unpackTarget /home/leandro/.npm/uglify-js/1.3.2/package
silly gunzTarPerm modes [ '755', '644' ]
silly updated sha bytes 37862
info shasum 7c62cdd1b260ec71743a9851ce79a9fc9d22ff15
info shasum /tmp/npm-1341409588340/1341409589609-0.3744575285818428/tmp.tgz
verbose mkdir (expected) error ENOENT, no such file or directory '/tmp/npm-1341409588340/1341409589609-0.3744575285818428/___package.npm'
verbose mkdir done: /tmp/npm-1341409588340/1341409589609-0.3744575285818428/___package.npm 755
verbose unpack_ uid, gid [ undefined, undefined ]
verbose unpackTarget /tmp/npm-1341409588340/1341409589609-0.3744575285818428/package
silly gunzTarPerm modes [ '755', '644' ]
silly afterUntar ok
silly asyncMap in gTP /tmp/npm-1341409588340/1341409589609-0.3744575285818428/___package.npm/package
silly asyncMap in gTP /tmp/npm-1341409588340/1341409589609-0.3744575285818428/___package.npm/package/LICENSE
silly asyncMap in gTP /tmp/npm-1341409588340/1341409589609-0.3744575285818428/___package.npm/package/package.json
silly asyncMap in gTP /tmp/npm-1341409588340/1341409589609-0.3744575285818428/___package.npm/package/README.md
silly asyncMap in gTP /tmp/npm-1341409588340/1341409589609-0.3744575285818428/___package.npm/package/bin
silly asyncMap in gTP /tmp/npm-1341409588340/1341409589609-0.3744575285818428/___package.npm/package/bin/hint
silly asyncMap in gTP /tmp/npm-1341409588340/1341409589609-0.3744575285818428/___package.npm/package/lib
silly asyncMap in gTP /tmp/npm-1341409588340/1341409589609-0.3744575285818428/___package.npm/package/lib/cli.js
silly asyncMap in gTP /tmp/npm-1341409588340/1341409589609-0.3744575285818428/___package.npm/package/lib/hint.js
silly asyncMap in gTP /tmp/npm-1341409588340/1341409589609-0.3744575285818428/___package.npm/package/lib/reporters
silly asyncMap in gTP /tmp/npm-1341409588340/1341409589609-0.3744575285818428/___package.npm/package/lib/reporters/default.js
silly asyncMap in gTP /tmp/npm-1341409588340/1341409589609-0.3744575285818428/___package.npm/package/lib/reporters/jslint_xml.js
silly asyncMap in gTP /tmp/npm-1341409588340/1341409589609-0.3744575285818428/___package.npm/package/lib/reporters/non_error.js
silly asyncMap in gTP /tmp/npm-1341409588340/1341409589609-0.3744575285818428/___package.npm/package/packages
silly asyncMap in gTP /tmp/npm-1341409588340/1341409589609-0.3744575285818428/___package.npm/package/packages/jshint
silly asyncMap in gTP /tmp/npm-1341409588340/1341409589609-0.3744575285818428/___package.npm/package/packages/jshint/README.markdown
silly asyncMap in gTP /tmp/npm-1341409588340/1341409589609-0.3744575285818428/___package.npm/package/packages/jshint/jshint.js
silly chmod package 755
silly chmod bin 755
silly chmod lib 755
silly chmod reporters 755
silly chmod packages 755
silly chmod jshint 755
verbose gunzed /tmp/npm-1341409588340/1341409589609-0.3744575285818428/___package.npm/package
verbose rm'ed /tmp/npm-1341409588340/1341409589609-0.3744575285818428/package
verbose renamed [ '/tmp/npm-1341409588340/1341409589609-0.3744575285818428/___package.npm/package',
verbose renamed   '/tmp/npm-1341409588340/1341409589609-0.3744575285818428/package' ]
verbose caching /tmp/npm-1341409588340/1341409589609-0.3744575285818428/package/package.json
verbose loadDefaults jshint@0.7.1
verbose tarball contents [ 'tmp.tgz', 'package' ]
verbose from cache /tmp/npm-1341409588340/1341409589609-0.3744575285818428/package/package.json
verbose pack /tmp/npm-1341409588340/1341409589609-0.3744575285818428/package
verbose pack /tmp/npm-1341409588340/1341409589609-0.3744575285818428/package /home/leandro/.npm/jshint/0.7.1/package.tgz
silly makeList /tmp/npm-1341409588340/1341409589609-0.3744575285818428/package
silly dir, dirLen [ '/tmp/npm-1341409588340/1341409589609-0.3744575285818428/package',
silly dir, dirLen   64 ]
verbose tarball /home/leandro/.npm/jshint/0.7.1/package.tgz
verbose parent /tmp/npm-1341409588340/1341409589609-0.3744575285818428/package
verbose mkdir (expected) error ENOENT, no such file or directory '/home/leandro/.npm/jshint/0.7.1/___package.npm'
verbose mkdir done: /home/leandro/.npm/jshint/0.7.1/___package.npm 755
verbose unpack_ uid, gid [ undefined, undefined ]
verbose unpackTarget /home/leandro/.npm/jshint/0.7.1/package
silly gunzTarPerm modes [ '755', '644' ]
silly afterUntar ok
silly asyncMap in gTP /home/leandro/.npm/uglify-js/1.3.2/___package.npm/package
silly asyncMap in gTP /home/leandro/.npm/uglify-js/1.3.2/___package.npm/package/docstyle.css
silly asyncMap in gTP /home/leandro/.npm/uglify-js/1.3.2/___package.npm/package/uglify-js.js
silly asyncMap in gTP /home/leandro/.npm/uglify-js/1.3.2/___package.npm/package/README.org
silly asyncMap in gTP /home/leandro/.npm/uglify-js/1.3.2/___package.npm/package/package.json
silly asyncMap in gTP /home/leandro/.npm/uglify-js/1.3.2/___package.npm/package/README.html
silly asyncMap in gTP /home/leandro/.npm/uglify-js/1.3.2/___package.npm/package/.npmignore
silly asyncMap in gTP /home/leandro/.npm/uglify-js/1.3.2/___package.npm/package/lib
silly asyncMap in gTP /home/leandro/.npm/uglify-js/1.3.2/___package.npm/package/lib/squeeze-more.js
silly asyncMap in gTP /home/leandro/.npm/uglify-js/1.3.2/___package.npm/package/lib/process.js
silly asyncMap in gTP /home/leandro/.npm/uglify-js/1.3.2/___package.npm/package/lib/consolidator.js
silly asyncMap in gTP /home/leandro/.npm/uglify-js/1.3.2/___package.npm/package/lib/parse-js.js
silly asyncMap in gTP /home/leandro/.npm/uglify-js/1.3.2/___package.npm/package/bin
silly asyncMap in gTP /home/leandro/.npm/uglify-js/1.3.2/___package.npm/package/bin/uglifyjs
silly asyncMap in gTP /home/leandro/.npm/uglify-js/1.3.2/___package.npm/package/tmp
silly asyncMap in gTP /home/leandro/.npm/uglify-js/1.3.2/___package.npm/package/tmp/test.js
silly asyncMap in gTP /home/leandro/.npm/uglify-js/1.3.2/___package.npm/package/tmp/hoist.js
silly asyncMap in gTP /home/leandro/.npm/uglify-js/1.3.2/___package.npm/package/tmp/instrument.js
silly asyncMap in gTP /home/leandro/.npm/uglify-js/1.3.2/___package.npm/package/test
silly asyncMap in gTP /home/leandro/.npm/uglify-js/1.3.2/___package.npm/package/test/testparser.js
silly asyncMap in gTP /home/leandro/.npm/uglify-js/1.3.2/___package.npm/package/test/beautify.js
silly asyncMap in gTP /home/leandro/.npm/uglify-js/1.3.2/___package.npm/package/test/testconsolidator.js
silly asyncMap in gTP /home/leandro/.npm/uglify-js/1.3.2/___package.npm/package/test/unit
silly asyncMap in gTP /home/leandro/.npm/uglify-js/1.3.2/___package.npm/package/test/unit/scripts.js
silly asyncMap in gTP /home/leandro/.npm/uglify-js/1.3.2/___package.npm/package/test/unit/compress
silly asyncMap in gTP /home/leandro/.npm/uglify-js/1.3.2/___package.npm/package/test/unit/compress/test
silly asyncMap in gTP /home/leandro/.npm/uglify-js/1.3.2/___package.npm/package/test/unit/compress/test/var.js
silly asyncMap in gTP /home/leandro/.npm/uglify-js/1.3.2/___package.npm/package/test/unit/compress/test/issue11.js
silly asyncMap in gTP /home/leandro/.npm/uglify-js/1.3.2/___package.npm/package/test/unit/compress/test/if-not.js
silly asyncMap in gTP /home/leandro/.npm/uglify-js/1.3.2/___package.npm/package/test/unit/compress/test/issue69.js
silly asyncMap in gTP /home/leandro/.npm/uglify-js/1.3.2/___package.npm/package/test/unit/compress/test/null_string.js
silly asyncMap in gTP /home/leandro/.npm/uglify-js/1.3.2/___package.npm/package/test/unit/compress/test/issue21.js
silly asyncMap in gTP /home/leandro/.npm/uglify-js/1.3.2/___package.npm/package/test/unit/compress/test/issues222_324.js
silly asyncMap in gTP /home/leandro/.npm/uglify-js/1.3.2/___package.npm/package/test/unit/compress/test/concatstring.js
silly asyncMap in gTP /home/leandro/.npm/uglify-js/1.3.2/___package.npm/package/test/unit/compress/test/const.js
silly asyncMap in gTP /home/leandro/.npm/uglify-js/1.3.2/___package.npm/package/test/unit/compress/test/issue29.js
silly asyncMap in gTP /home/leandro/.npm/uglify-js/1.3.2/___package.npm/package/test/unit/compress/test/issue50.js
silly asyncMap in gTP /home/leandro/.npm/uglify-js/1.3.2/___package.npm/package/test/unit/compress/test/issue278.js
silly asyncMap in gTP /home/leandro/.npm/uglify-js/1.3.2/___package.npm/package/test/unit/compress/test/issue14.js
silly asyncMap in gTP /home/leandro/.npm/uglify-js/1.3.2/___package.npm/package/test/unit/compress/test/forstatement.js
silly asyncMap in gTP /home/leandro/.npm/uglify-js/1.3.2/___package.npm/package/test/unit/compress/test/issue28.js
silly asyncMap in gTP /home/leandro/.npm/uglify-js/1.3.2/___package.npm/package/test/unit/compress/test/issue349.js
silly asyncMap in gTP /home/leandro/.npm/uglify-js/1.3.2/___package.npm/package/test/unit/compress/test/issue17.js
silly asyncMap in gTP /home/leandro/.npm/uglify-js/1.3.2/___package.npm/package/test/unit/compress/test/ifreturn2.js
silly asyncMap in gTP /home/leandro/.npm/uglify-js/1.3.2/___package.npm/package/test/unit/compress/test/issue4.js
silly asyncMap in gTP /home/leandro/.npm/uglify-js/1.3.2/___package.npm/package/test/unit/compress/test/ifreturn.js
silly asyncMap in gTP /home/leandro/.npm/uglify-js/1.3.2/___package.npm/package/test/unit/compress/test/issue9.js
silly asyncMap in gTP /home/leandro/.npm/uglify-js/1.3.2/___package.npm/package/test/unit/compress/test/with.js
silly asyncMap in gTP /home/leandro/.npm/uglify-js/1.3.2/___package.npm/package/test/unit/compress/test/issue34.js
silly asyncMap in gTP /home/leandro/.npm/uglify-js/1.3.2/___package.npm/package/test/unit/compress/test/if.js
silly asyncMap in gTP /home/leandro/.npm/uglify-js/1.3.2/___package.npm/package/test/unit/compress/test/array1.js
silly asyncMap in gTP /home/leandro/.npm/uglify-js/1.3.2/___package.npm/package/test/unit/compress/test/empty-blocks.js
silly asyncMap in gTP /home/leandro/.npm/uglify-js/1.3.2/___package.npm/package/test/unit/compress/test/issue68.js
silly asyncMap in gTP /home/leandro/.npm/uglify-js/1.3.2/___package.npm/package/test/unit/compress/test/1e21.js
silly asyncMap in gTP /home/leandro/.npm/uglify-js/1.3.2/___package.npm/package/test/unit/compress/test/issue27.js
silly asyncMap in gTP /home/leandro/.npm/uglify-js/1.3.2/___package.npm/package/test/unit/compress/test/whitespace.js
silly asyncMap in gTP /home/leandro/.npm/uglify-js/1.3.2/___package.npm/package/test/unit/compress/test/issue353.js
silly asyncMap in gTP /home/leandro/.npm/uglify-js/1.3.2/___package.npm/package/test/unit/compress/test/array2.js
silly asyncMap in gTP /home/leandro/.npm/uglify-js/1.3.2/___package.npm/package/test/unit/compress/test/issue16.js
silly asyncMap in gTP /home/leandro/.npm/uglify-js/1.3.2/___package.npm/package/test/unit/compress/test/issue30.js
silly asyncMap in gTP /home/leandro/.npm/uglify-js/1.3.2/___package.npm/package/test/unit/compress/test/array3.js
silly asyncMap in gTP /home/leandro/.npm/uglify-js/1.3.2/___package.npm/package/test/unit/compress/test/issue372.js
silly asyncMap in gTP /home/leandro/.npm/uglify-js/1.3.2/___package.npm/package/test/unit/compress/test/issue54.1.js
silly asyncMap in gTP /home/leandro/.npm/uglify-js/1.3.2/___package.npm/package/test/unit/compress/test/issue25.js
silly asyncMap in gTP /home/leandro/.npm/uglify-js/1.3.2/___package.npm/package/test/unit/compress/test/assignment.js
silly asyncMap in gTP /home/leandro/.npm/uglify-js/1.3.2/___package.npm/package/test/unit/compress/test/issue13.js
silly asyncMap in gTP /home/leandro/.npm/uglify-js/1.3.2/___package.npm/package/test/unit/compress/test/strict-equals.js
silly asyncMap in gTP /home/leandro/.npm/uglify-js/1.3.2/___package.npm/package/test/unit/compress/test/infinite.js
silly asyncMap in gTP /home/leandro/.npm/uglify-js/1.3.2/___package.npm/package/test/unit/compress/test/issue53.js
silly asyncMap in gTP /home/leandro/.npm/uglify-js/1.3.2/___package.npm/package/test/unit/compress/test/issue10.js
silly asyncMap in gTP /home/leandro/.npm/uglify-js/1.3.2/___package.npm/package/test/unit/compress/test/issue48.js
silly asyncMap in gTP /home/leandro/.npm/uglify-js/1.3.2/___package.npm/package/test/unit/compress/test/issue20.js
silly asyncMap in gTP /home/leandro/.npm/uglify-js/1.3.2/___package.npm/package/test/unit/compress/test/array4.js
silly asyncMap in gTP /home/leandro/.npm/uglify-js/1.3.2/___package.npm/package/test/unit/compress/test/mangle.js
silly asyncMap in gTP /home/leandro/.npm/uglify-js/1.3.2/___package.npm/package/test/unit/compress/expected
silly asyncMap in gTP /home/leandro/.npm/uglify-js/1.3.2/___package.npm/package/test/unit/compress/expected/var.js
silly asyncMap in gTP /home/leandro/.npm/uglify-js/1.3.2/___package.npm/package/test/unit/compress/expected/issue11.js
silly asyncMap in gTP /home/leandro/.npm/uglify-js/1.3.2/___package.npm/package/test/unit/compress/expected/if-not.js
silly asyncMap in gTP /home/leandro/.npm/uglify-js/1.3.2/___package.npm/package/test/unit/compress/expected/issue69.js
silly asyncMap in gTP /home/leandro/.npm/uglify-js/1.3.2/___package.npm/package/test/unit/compress/expected/null_string.js
silly asyncMap in gTP /home/leandro/.npm/uglify-js/1.3.2/___package.npm/package/test/unit/compress/expected/issue21.js
silly asyncMap in gTP /home/leandro/.npm/uglify-js/1.3.2/___package.npm/package/test/unit/compress/expected/issues222_324.js
silly asyncMap in gTP /home/leandro/.npm/uglify-js/1.3.2/___package.npm/package/test/unit/compress/expected/concatstring.js
silly asyncMap in gTP /home/leandro/.npm/uglify-js/1.3.2/___package.npm/package/test/unit/compress/expected/const.js
silly asyncMap in gTP /home/leandro/.npm/uglify-js/1.3.2/___package.npm/package/test/unit/compress/expected/issue29.js
silly asyncMap in gTP /home/leandro/.npm/uglify-js/1.3.2/___package.npm/package/test/unit/compress/expected/issue50.js
silly asyncMap in gTP /home/leandro/.npm/uglify-js/1.3.2/___package.npm/package/test/unit/compress/expected/issue278.js
silly asyncMap in gTP /home/leandro/.npm/uglify-js/1.3.2/___package.npm/package/test/unit/compress/expected/issue14.js
silly asyncMap in gTP /home/leandro/.npm/uglify-js/1.3.2/___package.npm/package/test/unit/compress/expected/forstatement.js
silly asyncMap in gTP /home/leandro/.npm/uglify-js/1.3.2/___package.npm/package/test/unit/compress/expected/issue28.js
silly asyncMap in gTP /home/leandro/.npm/uglify-js/1.3.2/___package.npm/package/test/unit/compress/expected/issue349.js
silly asyncMap in gTP /home/leandro/.npm/uglify-js/1.3.2/___package.npm/package/test/unit/compress/expected/issue17.js
silly asyncMap in gTP /home/leandro/.npm/uglify-js/1.3.2/___package.npm/package/test/unit/compress/expected/ifreturn2.js
silly asyncMap in gTP /home/leandro/.npm/uglify-js/1.3.2/___package.npm/package/test/unit/compress/expected/issue4.js
silly asyncMap in gTP /home/leandro/.npm/uglify-js/1.3.2/___package.npm/package/test/unit/compress/expected/ifreturn.js
silly asyncMap in gTP /home/leandro/.npm/uglify-js/1.3.2/___package.npm/package/test/unit/compress/expected/issue9.js
silly asyncMap in gTP /home/leandro/.npm/uglify-js/1.3.2/___package.npm/package/test/unit/compress/expected/with.js
silly asyncMap in gTP /home/leandro/.npm/uglify-js/1.3.2/___package.npm/package/test/unit/compress/expected/issue34.js
silly asyncMap in gTP /home/leandro/.npm/uglify-js/1.3.2/___package.npm/package/test/unit/compress/expected/if.js
silly asyncMap in gTP /home/leandro/.npm/uglify-js/1.3.2/___package.npm/package/test/unit/compress/expected/array1.js
silly asyncMap in gTP /home/leandro/.npm/uglify-js/1.3.2/___package.npm/package/test/unit/compress/expected/empty-blocks.js
silly asyncMap in gTP /home/leandro/.npm/uglify-js/1.3.2/___package.npm/package/test/unit/compress/expected/issue68.js
silly asyncMap in gTP /home/leandro/.npm/uglify-js/1.3.2/___package.npm/package/test/unit/compress/expected/1e21.js
silly asyncMap in gTP /home/leandro/.npm/uglify-js/1.3.2/___package.npm/package/test/unit/compress/expected/issue27.js
silly asyncMap in gTP /home/leandro/.npm/uglify-js/1.3.2/___package.npm/package/test/unit/compress/expected/whitespace.js
silly asyncMap in gTP /home/leandro/.npm/uglify-js/1.3.2/___package.npm/package/test/unit/compress/expected/issue353.js
silly asyncMap in gTP /home/leandro/.npm/uglify-js/1.3.2/___package.npm/package/test/unit/compress/expected/array2.js
silly asyncMap in gTP /home/leandro/.npm/uglify-js/1.3.2/___package.npm/package/test/unit/compress/expected/issue16.js
silly asyncMap in gTP /home/leandro/.npm/uglify-js/1.3.2/___package.npm/package/test/unit/compress/expected/issue30.js
silly asyncMap in gTP /home/leandro/.npm/uglify-js/1.3.2/___package.npm/package/test/unit/compress/expected/array3.js
silly asyncMap in gTP /home/leandro/.npm/uglify-js/1.3.2/___package.npm/package/test/unit/compress/expected/issue372.js
silly asyncMap in gTP /home/leandro/.npm/uglify-js/1.3.2/___package.npm/package/test/unit/compress/expected/issue54.1.js
silly asyncMap in gTP /home/leandro/.npm/uglify-js/1.3.2/___package.npm/package/test/unit/compress/expected/issue25.js
silly asyncMap in gTP /home/leandro/.npm/uglify-js/1.3.2/___package.npm/package/test/unit/compress/expected/assignment.js
silly asyncMap in gTP /home/leandro/.npm/uglify-js/1.3.2/___package.npm/package/test/unit/compress/expected/issue13.js
silly asyncMap in gTP /home/leandro/.npm/uglify-js/1.3.2/___package.npm/package/test/unit/compress/expected/strict-equals.js
silly asyncMap in gTP /home/leandro/.npm/uglify-js/1.3.2/___package.npm/package/test/unit/compress/expected/infinite.js
silly asyncMap in gTP /home/leandro/.npm/uglify-js/1.3.2/___package.npm/package/test/unit/compress/expected/issue53.js
silly asyncMap in gTP /home/leandro/.npm/uglify-js/1.3.2/___package.npm/package/test/unit/compress/expected/issue10.js
silly asyncMap in gTP /home/leandro/.npm/uglify-js/1.3.2/___package.npm/package/test/unit/compress/expected/issue48.js
silly asyncMap in gTP /home/leandro/.npm/uglify-js/1.3.2/___package.npm/package/test/unit/compress/expected/issue20.js
silly asyncMap in gTP /home/leandro/.npm/uglify-js/1.3.2/___package.npm/package/test/unit/compress/expected/array4.js
silly asyncMap in gTP /home/leandro/.npm/uglify-js/1.3.2/___package.npm/package/test/unit/compress/expected/mangle.js
silly chmod package 755
verbose gunzed /home/leandro/.npm/uglify-js/1.3.2/___package.npm/package
verbose rm'ed /home/leandro/.npm/uglify-js/1.3.2/package
verbose renamed [ '/home/leandro/.npm/uglify-js/1.3.2/___package.npm/package',
verbose renamed   '/home/leandro/.npm/uglify-js/1.3.2/package' ]
verbose caching /home/leandro/.npm/uglify-js/1.3.2/package/package.json
verbose loadDefaults uglify-js@1.3.2
silly updated sha bytes 40960
silly updated sha bytes 40960
silly updated sha bytes 5071
info shasum 9ad2c1fce1b9a588f75271a13f5a9a51ba5bb651
info shasum /home/leandro/.npm/uglify-js/1.3.2/package.tgz
verbose from cache /home/leandro/.npm/uglify-js/1.3.2/package/package.json
verbose chmod /home/leandro/.npm/uglify-js/1.3.2/package.tgz 644
verbose chown [ '/home/leandro/.npm/uglify-js/1.3.2/package.tgz', 1000, 1000 ]
silly afterUntar ok
silly asyncMap in gTP /home/leandro/.npm/jshint/0.7.1/___package.npm/package
silly asyncMap in gTP /home/leandro/.npm/jshint/0.7.1/___package.npm/package/LICENSE
silly asyncMap in gTP /home/leandro/.npm/jshint/0.7.1/___package.npm/package/package.json
silly asyncMap in gTP /home/leandro/.npm/jshint/0.7.1/___package.npm/package/README.md
silly asyncMap in gTP /home/leandro/.npm/jshint/0.7.1/___package.npm/package/bin
silly asyncMap in gTP /home/leandro/.npm/jshint/0.7.1/___package.npm/package/bin/hint
silly asyncMap in gTP /home/leandro/.npm/jshint/0.7.1/___package.npm/package/lib
silly asyncMap in gTP /home/leandro/.npm/jshint/0.7.1/___package.npm/package/lib/cli.js
silly asyncMap in gTP /home/leandro/.npm/jshint/0.7.1/___package.npm/package/lib/hint.js
silly asyncMap in gTP /home/leandro/.npm/jshint/0.7.1/___package.npm/package/lib/reporters
silly asyncMap in gTP /home/leandro/.npm/jshint/0.7.1/___package.npm/package/lib/reporters/default.js
silly asyncMap in gTP /home/leandro/.npm/jshint/0.7.1/___package.npm/package/lib/reporters/jslint_xml.js
silly asyncMap in gTP /home/leandro/.npm/jshint/0.7.1/___package.npm/package/lib/reporters/non_error.js
silly asyncMap in gTP /home/leandro/.npm/jshint/0.7.1/___package.npm/package/packages
silly asyncMap in gTP /home/leandro/.npm/jshint/0.7.1/___package.npm/package/packages/jshint
silly asyncMap in gTP /home/leandro/.npm/jshint/0.7.1/___package.npm/package/packages/jshint/README.markdown
silly asyncMap in gTP /home/leandro/.npm/jshint/0.7.1/___package.npm/package/packages/jshint/jshint.js
silly chmod package 755
verbose gunzed /home/leandro/.npm/jshint/0.7.1/___package.npm/package
verbose rm'ed /home/leandro/.npm/jshint/0.7.1/package
verbose renamed [ '/home/leandro/.npm/jshint/0.7.1/___package.npm/package',
verbose renamed   '/home/leandro/.npm/jshint/0.7.1/package' ]
verbose caching /home/leandro/.npm/jshint/0.7.1/package/package.json
verbose loadDefaults jshint@0.7.1
silly updated sha bytes 37742
info shasum 3999d22ad8f6af1f2015a739035be8923a343cdc
info shasum /home/leandro/.npm/jshint/0.7.1/package.tgz
verbose from cache /home/leandro/.npm/jshint/0.7.1/package/package.json
verbose chmod /home/leandro/.npm/jshint/0.7.1/package.tgz 644
verbose chown [ '/home/leandro/.npm/jshint/0.7.1/package.tgz', 1000, 1000 ]
silly resolved [ { name: 'recess',
silly resolved     description: 'A simple, attractive code quality tool for CSS built on top of LESS',
silly resolved     version: '1.0.4',
silly resolved     author: 
silly resolved      { name: 'Jacob Thornton',
silly resolved        email: 'jacob@twitter.com',
silly resolved        url: 'https://github.com/fat' },
silly resolved     keywords: [ 'css', 'lint' ],
silly resolved     licenses: 
silly resolved      [ { type: 'Apache-2.0',
silly resolved          url: 'http://www.apache.org/licenses/LICENSE-2.0' } ],
silly resolved     main: './lib',
silly resolved     homepage: 'http://twitter.github.com/recess',
silly resolved     engines: { node: '>= 0.4.0' },
silly resolved     dependencies: 
silly resolved      { colors: '>= 0.3.0',
silly resolved        nopt: '>= 1.0.10',
silly resolved        underscore: '>= 1.2.1',
silly resolved        less: '>= 1.3.0' },
silly resolved     directories: { bin: './bin' },
silly resolved     scripts: { test: 'node test' },
silly resolved     bin: { recess: './bin/recess' },
silly resolved     preferGlobal: true,
silly resolved     _id: 'recess@1.0.4',
silly resolved     devDependencies: {},
silly resolved     optionalDependencies: {},
silly resolved     _engineSupported: true,
silly resolved     _npmVersion: '1.1.4',
silly resolved     _nodeVersion: 'v0.6.12',
silly resolved     _defaultsLoaded: true,
silly resolved     dist: { shasum: '4741266a4c885a04aae8cd422c84a75121e1de82' },
silly resolved     _from: 'recess' },
silly resolved   { name: 'uglify-js',
silly resolved     description: 'JavaScript parser and compressor/beautifier toolkit',
silly resolved     author: 
silly resolved      { name: 'Mihai Bazon',
silly resolved        email: 'mihai.bazon@gmail.com',
silly resolved        url: 'http://mihai.bazon.net/blog' },
silly resolved     version: '1.3.2',
silly resolved     main: './uglify-js.js',
silly resolved     bin: { uglifyjs: './bin/uglifyjs' },
silly resolved     repository: { type: 'git', url: 'git@github.com:mishoo/UglifyJS.git' },
silly resolved     devDependencies: { nodeunit: '0.7.x' },
silly resolved     scripts: { test: '$(which nodeunit || echo node_modules/nodeunit/bin/nodeunit) test/unit/scripts.js && test/testparser.js && test/testconsolidator.js' },
silly resolved     _id: 'uglify-js@1.3.2',
silly resolved     dependencies: {},
silly resolved     optionalDependencies: {},
silly resolved     engines: { node: '*' },
silly resolved     _engineSupported: true,
silly resolved     _npmVersion: '1.1.4',
silly resolved     _nodeVersion: 'v0.6.12',
silly resolved     _defaultsLoaded: true,
silly resolved     dist: { shasum: '9ad2c1fce1b9a588f75271a13f5a9a51ba5bb651' },
silly resolved     _from: 'uglify-js' },
silly resolved   { name: 'jshint',
silly resolved     version: '0.7.1',
silly resolved     description: 'A CLI for JSHint',
silly resolved     homepage: 'http://github.com/jshint/node-jshint',
silly resolved     author: 
silly resolved      { name: 'Brent Lintner',
silly resolved        email: 'brent.lintner@gmail.com',
silly resolved        url: 'http://github.com/brentlintner' },
silly resolved     licenses: 
silly resolved      [ { type: 'MIT',
silly resolved          url: 'http://www.opensource.org/licenses/mit-license.php' } ],
silly resolved     bin: { jshint: './bin/hint' },
silly resolved     main: 'packages/jshint/jshint',
silly resolved     files: 
silly resolved      [ 'packages/jshint/README.markdown',
silly resolved        'packages/jshint/jshint.js',
silly resolved        'README.md',
silly resolved        'LICENSE',
silly resolved        'bin/hint',
silly resolved        'lib' ],
silly resolved     dependencies: { cli: '0.4.3', minimatch: '0.0.x' },
silly resolved     devDependencies: { 'jasmine-node': '1.0.x' },
silly resolved     preferGlobal: true,
silly resolved     _id: 'jshint@0.7.1',
silly resolved     optionalDependencies: {},
silly resolved     engines: { node: '*' },
silly resolved     _engineSupported: true,
silly resolved     _npmVersion: '1.1.4',
silly resolved     _nodeVersion: 'v0.6.12',
silly resolved     _defaultsLoaded: true,
silly resolved     dist: { shasum: '3999d22ad8f6af1f2015a739035be8923a343cdc' },
silly resolved     _from: 'jshint' } ]
info into /usr/local/lib recess@1.0.4
info into /usr/local/lib uglify-js@1.3.2
info into /usr/local/lib jshint@0.7.1
info installOne recess@1.0.4
info installOne uglify-js@1.3.2
info installOne jshint@0.7.1
verbose from cache /home/leandro/.npm/recess/1.0.4/package/package.json
info unbuild /usr/local/lib/node_modules/recess
verbose from cache /home/leandro/.npm/uglify-js/1.3.2/package/package.json
info unbuild /usr/local/lib/node_modules/uglify-js
verbose from cache /home/leandro/.npm/jshint/0.7.1/package/package.json
info unbuild /usr/local/lib/node_modules/jshint
verbose mkdir (expected) error ENOENT, no such file or directory '/usr/local/lib/node_modules'
verbose mkdir (expected) error ENOENT, no such file or directory '/usr/local/lib/node_modules'
verbose mkdir (expected) error ENOENT, no such file or directory '/usr/local/lib/node_modules'
verbose unpack_ uid, gid [ undefined, undefined ]
verbose unpackTarget /usr/local/lib/node_modules/recess
ERR! Could not create /usr/local/lib/node_modules/___recess.npm
ERR! error installing recess@1.0.4
info unbuild /usr/local/lib/node_modules/recess
verbose unpack_ uid, gid [ undefined, undefined ]
verbose unpackTarget /usr/local/lib/node_modules/uglify-js
ERR! Could not create /usr/local/lib/node_modules/___uglify-js.npm
ERR! error installing uglify-js@1.3.2
info unbuild /usr/local/lib/node_modules/uglify-js
verbose unpack_ uid, gid [ undefined, undefined ]
verbose unpackTarget /usr/local/lib/node_modules/jshint
ERR! Could not create /usr/local/lib/node_modules/___jshint.npm
ERR! error installing jshint@0.7.1
info unbuild /usr/local/lib/node_modules/jshint
verbose installOne cb recess@1.0.4
ERR! Error: EACCES, permission denied '/usr/local/lib/node_modules'
ERR! 
ERR! Please try running this command again as root/Administrator.
ERR! 
ERR! System Linux 3.2.0-23-generic
ERR! command "node" "/usr/bin/npm" "install" "recess" "uglify-js" "jshint" "-g"
ERR! cwd /home/leandro/nzimoveis
ERR! node -v v0.6.12
ERR! npm -v 1.1.4
ERR! path /usr/local/lib/node_modules
ERR! code EACCES
ERR! message EACCES, permission denied '/usr/local/lib/node_modules'
ERR! errno {}
verbose exit [ 1, true ]
